<?xml version="1.0" encoding="UTF-8"?>
<!-- Generated by org.testng.reporters.JUnitReportReporter -->
<testsuite hostname="DESKTOP-L6KR9ME" failures="0" tests="4" name="com.linkedin.test.LinkedInLoginTest" time="43.998" errors="0" timestamp="2021-08-07T23:55:35 EEST" skipped="0">
  <testcase classname="com.linkedin.test.LinkedInLoginTest" name="Login" time="9.003"/>
  <system-out/>
  <testcase classname="com.linkedin.test.LinkedInLoginTest" name="Login" time="8.804"/>
  <system-out/>
  <testcase classname="com.linkedin.test.LinkedInLoginTest" name="Login" time="7.901"/>
  <system-out/>
  <testcase classname="com.linkedin.test.LinkedInLoginTest" name="Login" time="18.290"/>
  <system-out/>
</testsuite> <!-- com.linkedin.test.LinkedInLoginTest -->
