<?xml version="1.0" encoding="UTF-8"?>
<!-- Generated by org.testng.reporters.JUnitReportReporter -->
<testsuite hostname="mudx" failures="0" tests="1" name="com.linkedin.test.GoogleSearchTest" time="14.413" errors="0" timestamp="2021-08-04T10:09:41 AST" skipped="0">
  <testcase classname="com.linkedin.test.GoogleSearchTest" name="search" time="14.413"/>
  <system-out/>
</testsuite> <!-- com.linkedin.test.GoogleSearchTest -->
