<?xml version="1.0" encoding="UTF-8"?>
<!-- Generated by org.testng.reporters.JUnitReportReporter -->
<testsuite hostname="DESKTOP-RHSIR4D" failures="0" tests="1" name="com.linkedin.test.Search_test" time="10.647" errors="0" timestamp="2021-07-25T21:03:37 IDT" skipped="0">
  <testcase classname="com.linkedin.test.Search_test" name="validLogin" time="10.647"/>
  <system-out/>
</testsuite> <!-- com.linkedin.test.Search_test -->
