<?xml version="1.0" encoding="UTF-8"?>
<!-- Generated by org.testng.reporters.JUnitReportReporter -->
<testsuite hostname="mudx" failures="0" tests="1" name="com.linkedin.test.LinkedInSearchTest" time="41.635" errors="0" timestamp="2021-08-02T00:53:35 AST" skipped="0">
  <testcase classname="com.linkedin.test.LinkedInSearchTest" name="Login" time="41.635"/>
  <system-out/>
</testsuite> <!-- com.linkedin.test.LinkedInSearchTest -->
