<?xml version="1.0" encoding="UTF-8"?>
<!-- Generated by org.testng.reporters.JUnitReportReporter -->
<testsuite hostname="DESKTOP-RHSIR4D" failures="0" tests="1" name="com.linkedin.test.LinkedInSearchTest" time="18.780" errors="0" timestamp="2021-07-27T11:42:31 IDT" skipped="0">
  <testcase classname="com.linkedin.test.LinkedInSearchTest" name="Login" time="18.780"/>
  <system-out/>
</testsuite> <!-- com.linkedin.test.LinkedInSearchTest -->
