<?xml version="1.0" encoding="UTF-8"?>
<!-- Generated by org.testng.reporters.JUnitReportReporter -->
<testsuite hostname="mudx" failures="0" tests="1" name="com.linkedin.test.GoogleSearchTest" time="8.390" errors="0" timestamp="2021-07-31T02:51:55 AST" skipped="0">
  <testcase classname="com.linkedin.test.GoogleSearchTest" name="search" time="8.390"/>
  <system-out/>
</testsuite> <!-- com.linkedin.test.GoogleSearchTest -->
