<?xml version="1.0" encoding="UTF-8"?>
<!-- Generated by org.testng.reporters.JUnitReportReporter -->
<testsuite hostname="mudx" failures="0" tests="1" name="com.linkedin.test.SearchTest" time="34.769" errors="0" timestamp="2021-08-02T10:59:15 AST" skipped="0">
  <testcase classname="com.linkedin.test.SearchTest" name="searchTest" time="34.769"/>
  <system-out/>
</testsuite> <!-- com.linkedin.test.SearchTest -->
