<?xml version="1.0" encoding="UTF-8"?>
<!-- Generated by org.testng.reporters.JUnitReportReporter -->
<testsuite hostname="DESKTOP-RHSIR4D" failures="0" tests="1" name="com.linkedin.test.Google_search_test" time="22.668" errors="0" timestamp="2021-07-27T11:42:31 IDT" skipped="0">
  <testcase classname="com.linkedin.test.Google_search_test" name="search" time="22.668"/>
  <system-out/>
</testsuite> <!-- com.linkedin.test.Google_search_test -->
